The system is: Linux - 4.4.0-19041-Microsoft - x86_64
Compiling the C compiler identification source file "CMakeCCompilerId.c" succeeded.
Compiler: /usr/bin/cc 
Build flags: 
Id flags:  

The output was:
0


Compilation of the C compiler identification source "CMakeCCompilerId.c" produced "a.out"

The C compiler identification is GNU, found in "/mnt/d/GitRepos/data-structures/Hash Tables/C++/hash_table/cmake-build-wsl_profile/CMakeFiles/3.10.2/CompilerIdC/a.out"

Compiling the CXX compiler identification source file "CMakeCXXCompilerId.cpp" succeeded.
Compiler: /usr/bin/c++ 
Build flags: 
Id flags:  

The output was:
0


Compilation of the CXX compiler identification source "CMakeCXXCompilerId.cpp" produced "a.out"

The CXX compiler identification is GNU, found in "/mnt/d/GitRepos/data-structures/Hash Tables/C++/hash_table/cmake-build-wsl_profile/CMakeFiles/3.10.2/CompilerIdCXX/a.out"

Determining if the C compiler works passed with the following output:
Change Dir: /mnt/d/GitRepos/data-structures/Hash Tables/C++/hash_table/cmake-build-wsl_profile/CMakeFiles/CMakeTmp

Run Build Command:"/usr/bin/make" "cmTC_4a406/fast"
/usr/bin/make -f CMakeFiles/cmTC_4a406.dir/build.make CMakeFiles/cmTC_4a406.dir/build
make[1]: Entering directory '/mnt/d/GitRepos/data-structures/Hash Tables/C++/hash_table/cmake-build-wsl_profile/CMakeFiles/CMakeTmp'
Building C object CMakeFiles/cmTC_4a406.dir/testCCompiler.c.o
/usr/bin/cc    -o CMakeFiles/cmTC_4a406.dir/testCCompiler.c.o   -c "/mnt/d/GitRepos/data-structures/Hash Tables/C++/hash_table/cmake-build-wsl_profile/CMakeFiles/CMakeTmp/testCCompiler.c"
Linking C executable cmTC_4a406
/usr/bin/cmake -E cmake_link_script CMakeFiles/cmTC_4a406.dir/link.txt --verbose=1
/usr/bin/cc      CMakeFiles/cmTC_4a406.dir/testCCompiler.c.o  -o cmTC_4a406 
make[1]: Leaving directory '/mnt/d/GitRepos/data-structures/Hash Tables/C++/hash_table/cmake-build-wsl_profile/CMakeFiles/CMakeTmp'


Determining if the CXX compiler works passed with the following output:
Change Dir: /mnt/d/GitRepos/data-structures/Hash Tables/C++/hash_table/cmake-build-wsl_profile/CMakeFiles/CMakeTmp

Run Build Command:"/usr/bin/make" "cmTC_cbc5a/fast"
/usr/bin/make -f CMakeFiles/cmTC_cbc5a.dir/build.make CMakeFiles/cmTC_cbc5a.dir/build
make[1]: Entering directory '/mnt/d/GitRepos/data-structures/Hash Tables/C++/hash_table/cmake-build-wsl_profile/CMakeFiles/CMakeTmp'
Building CXX object CMakeFiles/cmTC_cbc5a.dir/testCXXCompiler.cxx.o
/usr/bin/c++     -o CMakeFiles/cmTC_cbc5a.dir/testCXXCompiler.cxx.o -c "/mnt/d/GitRepos/data-structures/Hash Tables/C++/hash_table/cmake-build-wsl_profile/CMakeFiles/CMakeTmp/testCXXCompiler.cxx"
Linking CXX executable cmTC_cbc5a
/usr/bin/cmake -E cmake_link_script CMakeFiles/cmTC_cbc5a.dir/link.txt --verbose=1
/usr/bin/c++       CMakeFiles/cmTC_cbc5a.dir/testCXXCompiler.cxx.o  -o cmTC_cbc5a 
make[1]: Leaving directory '/mnt/d/GitRepos/data-structures/Hash Tables/C++/hash_table/cmake-build-wsl_profile/CMakeFiles/CMakeTmp'


The system is: Linux - 4.4.0-19041-Microsoft - x86_64
Compiling the C compiler identification source file "CMakeCCompilerId.c" succeeded.
Compiler: /usr/bin/cc 
Build flags: 
Id flags:  

The output was:
0


Compilation of the C compiler identification source "CMakeCCompilerId.c" produced "a.out"

The C compiler identification is GNU, found in "/mnt/d/GitRepos/data-structures/Hash Tables/C++/hash_table/cmake-build-wsl_profile/CMakeFiles/3.16.5/CompilerIdC/a.out"

Compiling the CXX compiler identification source file "CMakeCXXCompilerId.cpp" succeeded.
Compiler: /usr/bin/c++ 
Build flags: 
Id flags:  

The output was:
0


Compilation of the CXX compiler identification source "CMakeCXXCompilerId.cpp" produced "a.out"

The CXX compiler identification is GNU, found in "/mnt/d/GitRepos/data-structures/Hash Tables/C++/hash_table/cmake-build-wsl_profile/CMakeFiles/3.16.5/CompilerIdCXX/a.out"

Determining if the C compiler works passed with the following output:
Change Dir: /mnt/d/GitRepos/data-structures/Hash Tables/C++/hash_table/cmake-build-wsl_profile/CMakeFiles/CMakeTmp

Run Build Command(s):/usr/bin/make cmTC_68a39/fast && /usr/bin/make -f CMakeFiles/cmTC_68a39.dir/build.make CMakeFiles/cmTC_68a39.dir/build
make[1]: Entering directory '/mnt/d/GitRepos/data-structures/Hash Tables/C++/hash_table/cmake-build-wsl_profile/CMakeFiles/CMakeTmp'
Building C object CMakeFiles/cmTC_68a39.dir/testCCompiler.c.o
/usr/bin/cc    -o CMakeFiles/cmTC_68a39.dir/testCCompiler.c.o   -c "/mnt/d/GitRepos/data-structures/Hash Tables/C++/hash_table/cmake-build-wsl_profile/CMakeFiles/CMakeTmp/testCCompiler.c"
Linking C executable cmTC_68a39
/usr/local/bin/cmake -E cmake_link_script CMakeFiles/cmTC_68a39.dir/link.txt --verbose=1
/usr/bin/cc      CMakeFiles/cmTC_68a39.dir/testCCompiler.c.o  -o cmTC_68a39 
make[1]: Leaving directory '/mnt/d/GitRepos/data-structures/Hash Tables/C++/hash_table/cmake-build-wsl_profile/CMakeFiles/CMakeTmp'



Determining if the CXX compiler works passed with the following output:
Change Dir: /mnt/d/GitRepos/data-structures/Hash Tables/C++/hash_table/cmake-build-wsl_profile/CMakeFiles/CMakeTmp

Run Build Command(s):/usr/bin/make cmTC_480d7/fast && /usr/bin/make -f CMakeFiles/cmTC_480d7.dir/build.make CMakeFiles/cmTC_480d7.dir/build
make[1]: Entering directory '/mnt/d/GitRepos/data-structures/Hash Tables/C++/hash_table/cmake-build-wsl_profile/CMakeFiles/CMakeTmp'
Building CXX object CMakeFiles/cmTC_480d7.dir/testCXXCompiler.cxx.o
/usr/bin/c++     -o CMakeFiles/cmTC_480d7.dir/testCXXCompiler.cxx.o -c "/mnt/d/GitRepos/data-structures/Hash Tables/C++/hash_table/cmake-build-wsl_profile/CMakeFiles/CMakeTmp/testCXXCompiler.cxx"
Linking CXX executable cmTC_480d7
/usr/local/bin/cmake -E cmake_link_script CMakeFiles/cmTC_480d7.dir/link.txt --verbose=1
/usr/bin/c++       CMakeFiles/cmTC_480d7.dir/testCXXCompiler.cxx.o  -o cmTC_480d7 
make[1]: Leaving directory '/mnt/d/GitRepos/data-structures/Hash Tables/C++/hash_table/cmake-build-wsl_profile/CMakeFiles/CMakeTmp'



