The system is: Linux - 4.4.0-19041-Microsoft - x86_64
Compiling the C compiler identification source file "CMakeCCompilerId.c" succeeded.
Compiler: /usr/bin/cc 
Build flags: 
Id flags:  

The output was:
0


Compilation of the C compiler identification source "CMakeCCompilerId.c" produced "a.out"

The C compiler identification is GNU, found in "/mnt/d/GitRepos/data-structures/Hash Tables/C++/hash_table/cmake-build-debug/CMakeFiles/3.10.2/CompilerIdC/a.out"

Compiling the CXX compiler identification source file "CMakeCXXCompilerId.cpp" succeeded.
Compiler: /usr/bin/c++ 
Build flags: 
Id flags:  

The output was:
0


Compilation of the CXX compiler identification source "CMakeCXXCompilerId.cpp" produced "a.out"

The CXX compiler identification is GNU, found in "/mnt/d/GitRepos/data-structures/Hash Tables/C++/hash_table/cmake-build-debug/CMakeFiles/3.10.2/CompilerIdCXX/a.out"

Determining if the C compiler works passed with the following output:
Change Dir: /mnt/d/GitRepos/data-structures/Hash Tables/C++/hash_table/cmake-build-debug/CMakeFiles/CMakeTmp

Run Build Command:"/usr/bin/make" "cmTC_910c9/fast"
/usr/bin/make -f CMakeFiles/cmTC_910c9.dir/build.make CMakeFiles/cmTC_910c9.dir/build
make[1]: Entering directory '/mnt/d/GitRepos/data-structures/Hash Tables/C++/hash_table/cmake-build-debug/CMakeFiles/CMakeTmp'
Building C object CMakeFiles/cmTC_910c9.dir/testCCompiler.c.o
/usr/bin/cc    -o CMakeFiles/cmTC_910c9.dir/testCCompiler.c.o   -c "/mnt/d/GitRepos/data-structures/Hash Tables/C++/hash_table/cmake-build-debug/CMakeFiles/CMakeTmp/testCCompiler.c"
Linking C executable cmTC_910c9
/usr/bin/cmake -E cmake_link_script CMakeFiles/cmTC_910c9.dir/link.txt --verbose=1
/usr/bin/cc      CMakeFiles/cmTC_910c9.dir/testCCompiler.c.o  -o cmTC_910c9 
make[1]: Leaving directory '/mnt/d/GitRepos/data-structures/Hash Tables/C++/hash_table/cmake-build-debug/CMakeFiles/CMakeTmp'


Determining if the CXX compiler works passed with the following output:
Change Dir: /mnt/d/GitRepos/data-structures/Hash Tables/C++/hash_table/cmake-build-debug/CMakeFiles/CMakeTmp

Run Build Command:"/usr/bin/make" "cmTC_6908e/fast"
/usr/bin/make -f CMakeFiles/cmTC_6908e.dir/build.make CMakeFiles/cmTC_6908e.dir/build
make[1]: Entering directory '/mnt/d/GitRepos/data-structures/Hash Tables/C++/hash_table/cmake-build-debug/CMakeFiles/CMakeTmp'
Building CXX object CMakeFiles/cmTC_6908e.dir/testCXXCompiler.cxx.o
/usr/bin/c++     -o CMakeFiles/cmTC_6908e.dir/testCXXCompiler.cxx.o -c "/mnt/d/GitRepos/data-structures/Hash Tables/C++/hash_table/cmake-build-debug/CMakeFiles/CMakeTmp/testCXXCompiler.cxx"
Linking CXX executable cmTC_6908e
/usr/bin/cmake -E cmake_link_script CMakeFiles/cmTC_6908e.dir/link.txt --verbose=1
/usr/bin/c++       CMakeFiles/cmTC_6908e.dir/testCXXCompiler.cxx.o  -o cmTC_6908e 
make[1]: Leaving directory '/mnt/d/GitRepos/data-structures/Hash Tables/C++/hash_table/cmake-build-debug/CMakeFiles/CMakeTmp'


The system is: Linux - 4.4.0-19041-Microsoft - x86_64
Compiling the C compiler identification source file "CMakeCCompilerId.c" succeeded.
Compiler: /usr/bin/cc 
Build flags: 
Id flags:  

The output was:
0


Compilation of the C compiler identification source "CMakeCCompilerId.c" produced "a.out"

The C compiler identification is GNU, found in "/mnt/d/GitRepos/data-structures/Hash Tables/C++/hash_table/cmake-build-debug/CMakeFiles/3.16.5/CompilerIdC/a.out"

Compiling the CXX compiler identification source file "CMakeCXXCompilerId.cpp" succeeded.
Compiler: /usr/bin/c++ 
Build flags: 
Id flags:  

The output was:
0


Compilation of the CXX compiler identification source "CMakeCXXCompilerId.cpp" produced "a.out"

The CXX compiler identification is GNU, found in "/mnt/d/GitRepos/data-structures/Hash Tables/C++/hash_table/cmake-build-debug/CMakeFiles/3.16.5/CompilerIdCXX/a.out"

Determining if the C compiler works passed with the following output:
Change Dir: /mnt/d/GitRepos/data-structures/Hash Tables/C++/hash_table/cmake-build-debug/CMakeFiles/CMakeTmp

Run Build Command(s):/usr/bin/make cmTC_72826/fast && /usr/bin/make -f CMakeFiles/cmTC_72826.dir/build.make CMakeFiles/cmTC_72826.dir/build
make[1]: Entering directory '/mnt/d/GitRepos/data-structures/Hash Tables/C++/hash_table/cmake-build-debug/CMakeFiles/CMakeTmp'
Building C object CMakeFiles/cmTC_72826.dir/testCCompiler.c.o
/usr/bin/cc    -o CMakeFiles/cmTC_72826.dir/testCCompiler.c.o   -c "/mnt/d/GitRepos/data-structures/Hash Tables/C++/hash_table/cmake-build-debug/CMakeFiles/CMakeTmp/testCCompiler.c"
Linking C executable cmTC_72826
/usr/local/bin/cmake -E cmake_link_script CMakeFiles/cmTC_72826.dir/link.txt --verbose=1
/usr/bin/cc      CMakeFiles/cmTC_72826.dir/testCCompiler.c.o  -o cmTC_72826 
make[1]: Leaving directory '/mnt/d/GitRepos/data-structures/Hash Tables/C++/hash_table/cmake-build-debug/CMakeFiles/CMakeTmp'



Determining if the CXX compiler works passed with the following output:
Change Dir: /mnt/d/GitRepos/data-structures/Hash Tables/C++/hash_table/cmake-build-debug/CMakeFiles/CMakeTmp

Run Build Command(s):/usr/bin/make cmTC_1272d/fast && /usr/bin/make -f CMakeFiles/cmTC_1272d.dir/build.make CMakeFiles/cmTC_1272d.dir/build
make[1]: Entering directory '/mnt/d/GitRepos/data-structures/Hash Tables/C++/hash_table/cmake-build-debug/CMakeFiles/CMakeTmp'
Building CXX object CMakeFiles/cmTC_1272d.dir/testCXXCompiler.cxx.o
/usr/bin/c++     -o CMakeFiles/cmTC_1272d.dir/testCXXCompiler.cxx.o -c "/mnt/d/GitRepos/data-structures/Hash Tables/C++/hash_table/cmake-build-debug/CMakeFiles/CMakeTmp/testCXXCompiler.cxx"
Linking CXX executable cmTC_1272d
/usr/local/bin/cmake -E cmake_link_script CMakeFiles/cmTC_1272d.dir/link.txt --verbose=1
/usr/bin/c++       CMakeFiles/cmTC_1272d.dir/testCXXCompiler.cxx.o  -o cmTC_1272d 
make[1]: Leaving directory '/mnt/d/GitRepos/data-structures/Hash Tables/C++/hash_table/cmake-build-debug/CMakeFiles/CMakeTmp'



